2023-11-03 16:02:42,260:WARNING:
'cuml' is a soft dependency and not included in the pycaret installation. Please run: `pip install cuml` to install.
2023-11-03 16:02:42,260:WARNING:
'cuml' is a soft dependency and not included in the pycaret installation. Please run: `pip install cuml` to install.
2023-11-03 16:02:42,260:WARNING:
'cuml' is a soft dependency and not included in the pycaret installation. Please run: `pip install cuml` to install.
2023-11-03 16:02:42,260:WARNING:
'cuml' is a soft dependency and not included in the pycaret installation. Please run: `pip install cuml` to install.
2023-11-03 16:47:40,072:WARNING:
'cuml' is a soft dependency and not included in the pycaret installation. Please run: `pip install cuml` to install.
2023-11-03 16:47:40,074:WARNING:
'cuml' is a soft dependency and not included in the pycaret installation. Please run: `pip install cuml` to install.
2023-11-03 16:47:40,074:WARNING:
'cuml' is a soft dependency and not included in the pycaret installation. Please run: `pip install cuml` to install.
2023-11-03 16:47:40,074:WARNING:
'cuml' is a soft dependency and not included in the pycaret installation. Please run: `pip install cuml` to install.
2023-11-03 16:47:43,888:INFO:PyCaret RegressionExperiment
2023-11-03 16:47:43,888:INFO:Logging name: reg-default-name
2023-11-03 16:47:43,889:INFO:ML Usecase: MLUsecase.REGRESSION
2023-11-03 16:47:43,889:INFO:version 3.1.0
2023-11-03 16:47:43,889:INFO:Initializing setup()
2023-11-03 16:47:43,889:INFO:self.USI: 6bbd
2023-11-03 16:47:43,889:INFO:self._variable_keys: {'fold_groups_param', 'memory', 'X_train', 'n_jobs_param', 'seed', 'gpu_n_jobs_param', 'pipeline', 'log_plots_param', 'fold_shuffle_param', 'gpu_param', 'y_test', '_ml_usecase', 'html_param', 'y_train', 'X', 'data', 'exp_id', 'exp_name_log', 'transform_target_param', '_available_plots', 'fold_generator', 'y', 'logging_param', 'USI', 'idx', 'X_test', 'target_param'}
2023-11-03 16:47:43,889:INFO:Checking environment
2023-11-03 16:47:43,889:INFO:python_version: 3.10.7
2023-11-03 16:47:43,889:INFO:python_build: ('tags/v3.10.7:6cc6b13', 'Sep  5 2022 14:08:36')
2023-11-03 16:47:43,889:INFO:machine: AMD64
2023-11-03 16:47:43,889:INFO:platform: Windows-10-10.0.19045-SP0
2023-11-03 16:47:43,893:INFO:Memory: svmem(total=17066921984, available=7651454976, percent=55.2, used=9415467008, free=7651454976)
2023-11-03 16:47:43,893:INFO:Physical Core: 4
2023-11-03 16:47:43,893:INFO:Logical Core: 8
2023-11-03 16:47:43,893:INFO:Checking libraries
2023-11-03 16:47:43,893:INFO:System:
2023-11-03 16:47:43,894:INFO:    python: 3.10.7 (tags/v3.10.7:6cc6b13, Sep  5 2022, 14:08:36) [MSC v.1933 64 bit (AMD64)]
2023-11-03 16:47:43,894:INFO:executable: c:\Users\Jeffr\Documents\School\IT\Cloud AI\venv\Scripts\python.exe
2023-11-03 16:47:43,894:INFO:   machine: Windows-10-10.0.19045-SP0
2023-11-03 16:47:43,894:INFO:PyCaret required dependencies:
2023-11-03 16:47:44,006:INFO:                 pip: 23.2.1
2023-11-03 16:47:44,007:INFO:          setuptools: 63.2.0
2023-11-03 16:47:44,007:INFO:             pycaret: 3.1.0
2023-11-03 16:47:44,007:INFO:             IPython: 8.15.0
2023-11-03 16:47:44,007:INFO:          ipywidgets: 8.1.1
2023-11-03 16:47:44,007:INFO:                tqdm: 4.66.1
2023-11-03 16:47:44,007:INFO:               numpy: 1.23.5
2023-11-03 16:47:44,008:INFO:              pandas: 1.5.3
2023-11-03 16:47:44,008:INFO:              jinja2: 3.1.2
2023-11-03 16:47:44,008:INFO:               scipy: 1.10.1
2023-11-03 16:47:44,008:INFO:              joblib: 1.3.2
2023-11-03 16:47:44,008:INFO:             sklearn: 1.2.2
2023-11-03 16:47:44,008:INFO:                pyod: 1.1.0
2023-11-03 16:47:44,008:INFO:            imblearn: 0.11.0
2023-11-03 16:47:44,008:INFO:   category_encoders: 2.6.2
2023-11-03 16:47:44,009:INFO:            lightgbm: 4.1.0
2023-11-03 16:47:44,009:INFO:               numba: 0.58.0
2023-11-03 16:47:44,009:INFO:            requests: 2.31.0
2023-11-03 16:47:44,009:INFO:          matplotlib: 3.8.0
2023-11-03 16:47:44,009:INFO:          scikitplot: 0.3.7
2023-11-03 16:47:44,009:INFO:         yellowbrick: 1.5
2023-11-03 16:47:44,009:INFO:              plotly: 5.17.0
2023-11-03 16:47:44,009:INFO:    plotly-resampler: Not installed
2023-11-03 16:47:44,009:INFO:             kaleido: 0.2.1
2023-11-03 16:47:44,010:INFO:           schemdraw: 0.15
2023-11-03 16:47:44,010:INFO:         statsmodels: 0.14.0
2023-11-03 16:47:44,010:INFO:              sktime: 0.21.1
2023-11-03 16:47:44,010:INFO:               tbats: 1.1.3
2023-11-03 16:47:44,010:INFO:            pmdarima: 2.0.3
2023-11-03 16:47:44,010:INFO:              psutil: 5.9.5
2023-11-03 16:47:44,010:INFO:          markupsafe: 2.1.3
2023-11-03 16:47:44,010:INFO:             pickle5: Not installed
2023-11-03 16:47:44,010:INFO:         cloudpickle: 2.2.1
2023-11-03 16:47:44,010:INFO:         deprecation: 2.1.0
2023-11-03 16:47:44,010:INFO:              xxhash: 3.3.0
2023-11-03 16:47:44,010:INFO:           wurlitzer: Not installed
2023-11-03 16:47:44,011:INFO:PyCaret optional dependencies:
2023-11-03 16:47:44,075:INFO:                shap: Not installed
2023-11-03 16:47:44,075:INFO:           interpret: Not installed
2023-11-03 16:47:44,075:INFO:                umap: Not installed
2023-11-03 16:47:44,075:INFO:     ydata_profiling: Not installed
2023-11-03 16:47:44,075:INFO:  explainerdashboard: Not installed
2023-11-03 16:47:44,075:INFO:             autoviz: Not installed
2023-11-03 16:47:44,075:INFO:           fairlearn: Not installed
2023-11-03 16:47:44,075:INFO:          deepchecks: Not installed
2023-11-03 16:47:44,075:INFO:             xgboost: 2.0.0
2023-11-03 16:47:44,075:INFO:            catboost: Not installed
2023-11-03 16:47:44,075:INFO:              kmodes: Not installed
2023-11-03 16:47:44,075:INFO:             mlxtend: Not installed
2023-11-03 16:47:44,075:INFO:       statsforecast: Not installed
2023-11-03 16:47:44,076:INFO:        tune_sklearn: Not installed
2023-11-03 16:47:44,076:INFO:                 ray: Not installed
2023-11-03 16:47:44,076:INFO:            hyperopt: Not installed
2023-11-03 16:47:44,076:INFO:              optuna: Not installed
2023-11-03 16:47:44,076:INFO:               skopt: Not installed
2023-11-03 16:47:44,076:INFO:              mlflow: Not installed
2023-11-03 16:47:44,076:INFO:              gradio: Not installed
2023-11-03 16:47:44,076:INFO:             fastapi: Not installed
2023-11-03 16:47:44,077:INFO:             uvicorn: Not installed
2023-11-03 16:47:44,077:INFO:              m2cgen: Not installed
2023-11-03 16:47:44,077:INFO:           evidently: Not installed
2023-11-03 16:47:44,077:INFO:               fugue: Not installed
2023-11-03 16:47:44,077:INFO:           streamlit: Not installed
2023-11-03 16:47:44,077:INFO:             prophet: Not installed
2023-11-03 16:47:44,077:INFO:None
2023-11-03 16:47:44,077:INFO:Set up data.
2023-11-03 16:47:44,090:INFO:Set up folding strategy.
2023-11-03 16:47:44,091:INFO:Set up train/test split.
2023-11-03 16:47:44,101:INFO:Set up index.
2023-11-03 16:47:44,102:INFO:Assigning column types.
2023-11-03 16:47:44,106:INFO:Engine successfully changes for model 'lr' to 'sklearn'.
2023-11-03 16:47:44,106:INFO:Engine for model 'lasso' has not been set explicitly, hence returning None.
2023-11-03 16:47:44,116:INFO:Engine for model 'ridge' has not been set explicitly, hence returning None.
2023-11-03 16:47:44,121:INFO:Engine for model 'en' has not been set explicitly, hence returning None.
2023-11-03 16:47:44,206:INFO:Engine for model 'svm' has not been set explicitly, hence returning None.
2023-11-03 16:47:44,261:INFO:Engine for model 'knn' has not been set explicitly, hence returning None.
2023-11-03 16:47:44,261:INFO:Soft dependency imported: xgboost: 2.0.0
2023-11-03 16:47:44,265:WARNING:
'catboost' is a soft dependency and not included in the pycaret installation. Please run: `pip install catboost` to install.
Alternately, you can install this by running `pip install pycaret[models]`
2023-11-03 16:47:44,265:INFO:Engine for model 'lasso' has not been set explicitly, hence returning None.
2023-11-03 16:47:44,271:INFO:Engine for model 'ridge' has not been set explicitly, hence returning None.
2023-11-03 16:47:44,277:INFO:Engine for model 'en' has not been set explicitly, hence returning None.
2023-11-03 16:47:44,353:INFO:Engine for model 'svm' has not been set explicitly, hence returning None.
2023-11-03 16:47:44,413:INFO:Engine for model 'knn' has not been set explicitly, hence returning None.
2023-11-03 16:47:44,417:INFO:Soft dependency imported: xgboost: 2.0.0
2023-11-03 16:47:44,423:WARNING:
'catboost' is a soft dependency and not included in the pycaret installation. Please run: `pip install catboost` to install.
Alternately, you can install this by running `pip install pycaret[models]`
2023-11-03 16:47:44,424:INFO:Engine successfully changes for model 'lasso' to 'sklearn'.
2023-11-03 16:47:44,431:INFO:Engine for model 'ridge' has not been set explicitly, hence returning None.
2023-11-03 16:47:44,440:INFO:Engine for model 'en' has not been set explicitly, hence returning None.
2023-11-03 16:47:44,514:INFO:Engine for model 'svm' has not been set explicitly, hence returning None.
2023-11-03 16:47:44,569:INFO:Engine for model 'knn' has not been set explicitly, hence returning None.
2023-11-03 16:47:44,571:INFO:Soft dependency imported: xgboost: 2.0.0
2023-11-03 16:47:44,573:WARNING:
'catboost' is a soft dependency and not included in the pycaret installation. Please run: `pip install catboost` to install.
Alternately, you can install this by running `pip install pycaret[models]`
2023-11-03 16:47:44,582:INFO:Engine for model 'ridge' has not been set explicitly, hence returning None.
2023-11-03 16:47:44,595:INFO:Engine for model 'en' has not been set explicitly, hence returning None.
2023-11-03 16:47:44,679:INFO:Engine for model 'svm' has not been set explicitly, hence returning None.
2023-11-03 16:47:44,833:INFO:Engine for model 'knn' has not been set explicitly, hence returning None.
2023-11-03 16:47:44,834:INFO:Soft dependency imported: xgboost: 2.0.0
2023-11-03 16:47:44,841:WARNING:
'catboost' is a soft dependency and not included in the pycaret installation. Please run: `pip install catboost` to install.
Alternately, you can install this by running `pip install pycaret[models]`
2023-11-03 16:47:44,842:INFO:Engine successfully changes for model 'ridge' to 'sklearn'.
2023-11-03 16:47:44,857:INFO:Engine for model 'en' has not been set explicitly, hence returning None.
2023-11-03 16:47:44,922:INFO:Engine for model 'svm' has not been set explicitly, hence returning None.
2023-11-03 16:47:44,968:INFO:Engine for model 'knn' has not been set explicitly, hence returning None.
2023-11-03 16:47:44,969:INFO:Soft dependency imported: xgboost: 2.0.0
2023-11-03 16:47:44,972:WARNING:
'catboost' is a soft dependency and not included in the pycaret installation. Please run: `pip install catboost` to install.
Alternately, you can install this by running `pip install pycaret[models]`
2023-11-03 16:47:44,984:INFO:Engine for model 'en' has not been set explicitly, hence returning None.
2023-11-03 16:47:45,046:INFO:Engine for model 'svm' has not been set explicitly, hence returning None.
2023-11-03 16:47:45,091:INFO:Engine for model 'knn' has not been set explicitly, hence returning None.
2023-11-03 16:47:45,091:INFO:Soft dependency imported: xgboost: 2.0.0
2023-11-03 16:47:45,093:WARNING:
'catboost' is a soft dependency and not included in the pycaret installation. Please run: `pip install catboost` to install.
Alternately, you can install this by running `pip install pycaret[models]`
2023-11-03 16:47:45,094:INFO:Engine successfully changes for model 'en' to 'sklearn'.
2023-11-03 16:47:45,161:INFO:Engine for model 'svm' has not been set explicitly, hence returning None.
2023-11-03 16:47:45,208:INFO:Engine for model 'knn' has not been set explicitly, hence returning None.
2023-11-03 16:47:45,209:INFO:Soft dependency imported: xgboost: 2.0.0
2023-11-03 16:47:45,211:WARNING:
'catboost' is a soft dependency and not included in the pycaret installation. Please run: `pip install catboost` to install.
Alternately, you can install this by running `pip install pycaret[models]`
2023-11-03 16:47:45,280:INFO:Engine for model 'svm' has not been set explicitly, hence returning None.
2023-11-03 16:47:45,332:INFO:Engine for model 'knn' has not been set explicitly, hence returning None.
2023-11-03 16:47:45,333:INFO:Soft dependency imported: xgboost: 2.0.0
2023-11-03 16:47:45,335:WARNING:
'catboost' is a soft dependency and not included in the pycaret installation. Please run: `pip install catboost` to install.
Alternately, you can install this by running `pip install pycaret[models]`
2023-11-03 16:47:45,335:INFO:Engine successfully changes for model 'knn' to 'sklearn'.
2023-11-03 16:47:45,405:INFO:Engine for model 'svm' has not been set explicitly, hence returning None.
2023-11-03 16:47:45,451:INFO:Soft dependency imported: xgboost: 2.0.0
2023-11-03 16:47:45,454:WARNING:
'catboost' is a soft dependency and not included in the pycaret installation. Please run: `pip install catboost` to install.
Alternately, you can install this by running `pip install pycaret[models]`
2023-11-03 16:47:45,522:INFO:Engine for model 'svm' has not been set explicitly, hence returning None.
2023-11-03 16:47:45,573:INFO:Soft dependency imported: xgboost: 2.0.0
2023-11-03 16:47:45,575:WARNING:
'catboost' is a soft dependency and not included in the pycaret installation. Please run: `pip install catboost` to install.
Alternately, you can install this by running `pip install pycaret[models]`
2023-11-03 16:47:45,576:INFO:Engine successfully changes for model 'svm' to 'sklearn'.
2023-11-03 16:47:45,728:INFO:Soft dependency imported: xgboost: 2.0.0
2023-11-03 16:47:45,733:WARNING:
'catboost' is a soft dependency and not included in the pycaret installation. Please run: `pip install catboost` to install.
Alternately, you can install this by running `pip install pycaret[models]`
2023-11-03 16:47:45,901:INFO:Soft dependency imported: xgboost: 2.0.0
2023-11-03 16:47:45,903:WARNING:
'catboost' is a soft dependency and not included in the pycaret installation. Please run: `pip install catboost` to install.
Alternately, you can install this by running `pip install pycaret[models]`
2023-11-03 16:47:45,919:INFO:Preparing preprocessing pipeline...
2023-11-03 16:47:45,919:INFO:Set up simple imputation.
2023-11-03 16:47:45,926:INFO:Set up encoding of categorical features.
2023-11-03 16:47:46,116:INFO:Finished creating preprocessing pipeline.
2023-11-03 16:47:46,131:INFO:Pipeline: Pipeline(memory=FastMemory(location=C:\Users\Jeffr\AppData\Local\Temp\joblib),
         steps=[('numerical_imputer',
                 TransformerWrapper(include=['hectares_ha', 'production_tonnes',
                                             'year'],
                                    transformer=SimpleImputer())),
                ('categorical_imputer',
                 TransformerWrapper(include=['national', 'subnational'],
                                    transformer=SimpleImputer(strategy='most_frequent'))),
                ('onehot_encoding',
                 TransformerWrapper(include=['national'],
                                    transformer=OneHotEncoder(cols=['national'],
                                                              handle_missing='return_nan',
                                                              use_cat_names=True))),
                ('rest_encoding',
                 TransformerWrapper(include=['subnational'],
                                    transformer=TargetEncoder(cols=['subnational'],
                                                              handle_missing='return_nan')))])
2023-11-03 16:47:46,131:INFO:Creating final display dataframe.
2023-11-03 16:47:46,500:INFO:Setup _display_container:                     Description             Value
0                    Session id               123
1                        Target   yield_tonnes_ha
2                   Target type        Regression
3           Original data shape        (15479, 6)
4        Transformed data shape       (15479, 26)
5   Transformed train set shape       (10835, 26)
6    Transformed test set shape        (4644, 26)
7              Numeric features                 3
8          Categorical features                 2
9                    Preprocess              True
10              Imputation type            simple
11           Numeric imputation              mean
12       Categorical imputation              mode
13     Maximum one-hot encoding                25
14              Encoding method              None
15               Fold Generator             KFold
16                  Fold Number                10
17                     CPU Jobs                -1
18                      Use GPU             False
19               Log Experiment             False
20              Experiment Name  reg-default-name
21                          USI              6bbd
2023-11-03 16:47:46,654:INFO:Soft dependency imported: xgboost: 2.0.0
2023-11-03 16:47:46,658:WARNING:
'catboost' is a soft dependency and not included in the pycaret installation. Please run: `pip install catboost` to install.
Alternately, you can install this by running `pip install pycaret[models]`
2023-11-03 16:47:46,807:INFO:Soft dependency imported: xgboost: 2.0.0
2023-11-03 16:47:46,811:WARNING:
'catboost' is a soft dependency and not included in the pycaret installation. Please run: `pip install catboost` to install.
Alternately, you can install this by running `pip install pycaret[models]`
2023-11-03 16:47:46,811:INFO:setup() successfully completed in 2.93s...............
2023-11-03 16:47:46,835:INFO:Initializing compare_models()
2023-11-03 16:47:46,835:INFO:compare_models(self=<pycaret.regression.oop.RegressionExperiment object at 0x000002CD391F0FD0>, include=None, fold=None, round=4, cross_validation=True, sort=R2, n_select=1, budget_time=None, turbo=True, errors=ignore, fit_kwargs=None, groups=None, experiment_custom_tags=None, probability_threshold=None, verbose=True, parallel=None, caller_params={'self': <pycaret.regression.oop.RegressionExperiment object at 0x000002CD391F0FD0>, 'include': None, 'exclude': None, 'fold': None, 'round': 4, 'cross_validation': True, 'sort': 'R2', 'n_select': 1, 'budget_time': None, 'turbo': True, 'errors': 'ignore', 'fit_kwargs': None, 'groups': None, 'experiment_custom_tags': None, 'engine': None, 'verbose': True, 'parallel': None, '__class__': <class 'pycaret.regression.oop.RegressionExperiment'>}, exclude=None)
2023-11-03 16:47:46,836:INFO:Checking exceptions
2023-11-03 16:47:46,840:INFO:Preparing display monitor
2023-11-03 16:47:46,885:INFO:Initializing Linear Regression
2023-11-03 16:47:46,886:INFO:Total runtime is 1.6740957895914714e-05 minutes
2023-11-03 16:47:46,893:INFO:SubProcess create_model() called ==================================
2023-11-03 16:47:46,894:INFO:Initializing create_model()
2023-11-03 16:47:46,895:INFO:create_model(self=<pycaret.regression.oop.RegressionExperiment object at 0x000002CD391F0FD0>, estimator=lr, fold=KFold(n_splits=10, random_state=None, shuffle=False), round=4, cross_validation=True, predict=True, fit_kwargs={}, groups=None, refit=False, probability_threshold=None, experiment_custom_tags=None, verbose=False, system=False, add_to_model_list=True, metrics=None, display=<pycaret.internal.display.display.CommonDisplay object at 0x000002CD3995F370>, model_only=True, return_train_score=False, kwargs={})
2023-11-03 16:47:46,895:INFO:Checking exceptions
2023-11-03 16:47:46,896:INFO:Importing libraries
2023-11-03 16:47:46,896:INFO:Copying training dataset
2023-11-03 16:47:46,907:INFO:Defining folds
2023-11-03 16:47:46,908:INFO:Declaring metric variables
2023-11-03 16:47:46,914:INFO:Importing untrained model
2023-11-03 16:47:46,921:INFO:Linear Regression Imported successfully
2023-11-03 16:47:46,932:INFO:Starting cross validation
2023-11-03 16:47:46,943:INFO:Cross validating with KFold(n_splits=10, random_state=None, shuffle=False), n_jobs=-1
